<?xml version="1.0" encoding="UTF-8"?>
<!-- Generated by org.testng.reporters.JUnitXMLReporter -->
<testsuite ignored="3" hostname="DESKTOP-3M04LF7" failures="0" tests="1" name="Default test" time="25.892" errors="0" timestamp="2020-08-23T23:59:27 IST">
  <testcase classname="com.elevate.qa.testCases.ProgramsPageTest" name="verifyEnterProgramListToExcelTest" time="9.846"/>
  <testcase classname="com.elevate.qa.testCases.ProgramsPageTest" name="verifyProgramsList" time="0.0">
    <ignored/>
  </testcase> <!-- verifyProgramsList -->
  <testcase classname="com.elevate.qa.testCases.ProgramsPageTest" name="verifyProgramPageTitleTest" time="0.0">
    <ignored/>
  </testcase> <!-- verifyProgramPageTitleTest -->
  <testcase classname="com.elevate.qa.testCases.ProgramsPageTest" name="verifyProgramPageLabelTest" time="0.0">
    <ignored/>
  </testcase> <!-- verifyProgramPageLabelTest -->
</testsuite> <!-- Default test -->
