<?xml version="1.0" encoding="UTF-8"?>
<!-- Generated by org.testng.reporters.JUnitXMLReporter -->
<testsuite ignored="0" hostname="DESKTOP-3M04LF7" failures="0" tests="3" name="Default test" time="42.413" errors="0" timestamp="2020-08-17T10:26:10 IST">
  <testcase classname="com.elevate.qa.testCases.LoginPageTest" name="loginPageTitleTest" time="0.014"/>
  <testcase classname="com.elevate.qa.testCases.LoginPageTest" name="elevateLogoTest" time="0.081"/>
  <testcase classname="com.elevate.qa.testCases.LoginPageTest" name="adminLoginTest" time="7.784"/>
</testsuite> <!-- Default test -->
