<?xml version="1.0" encoding="UTF-8"?>
<testng-results ignored="0" total="3" passed="3" failed="0" skipped="0">
  <reporter-output>
  </reporter-output>
  <suite started-at="2020-08-17T10:25:28 IST" name="Default suite" finished-at="2020-08-17T10:26:10 IST" duration-ms="42413">
    <groups>
    </groups>
    <test started-at="2020-08-17T10:25:28 IST" name="Default test" finished-at="2020-08-17T10:26:10 IST" duration-ms="42413">
      <class name="com.elevate.qa.testCases.LoginPageTest">
        <test-method is-config="true" signature="setup()[pri:0, instance:com.elevate.qa.testCases.LoginPageTest@20d28811]" started-at="2020-08-17T10:25:28 IST" name="setup" finished-at="2020-08-17T10:25:43 IST" duration-ms="14658" status="PASS">
          <reporter-output>
          </reporter-output>
        </test-method> <!-- setup -->
        <test-method signature="loginPageTitleTest()[pri:1, instance:com.elevate.qa.testCases.LoginPageTest@20d28811]" started-at="2020-08-17T10:25:43 IST" name="loginPageTitleTest" finished-at="2020-08-17T10:25:43 IST" duration-ms="14" status="PASS">
          <reporter-output>
          </reporter-output>
        </test-method> <!-- loginPageTitleTest -->
        <test-method is-config="true" signature="tearDown()[pri:0, instance:com.elevate.qa.testCases.LoginPageTest@20d28811]" started-at="2020-08-17T10:25:43 IST" name="tearDown" finished-at="2020-08-17T10:25:43 IST" duration-ms="648" status="PASS">
          <reporter-output>
          </reporter-output>
        </test-method> <!-- tearDown -->
        <test-method is-config="true" signature="setup()[pri:0, instance:com.elevate.qa.testCases.LoginPageTest@20d28811]" started-at="2020-08-17T10:25:43 IST" name="setup" finished-at="2020-08-17T10:25:52 IST" duration-ms="8332" status="PASS">
          <reporter-output>
          </reporter-output>
        </test-method> <!-- setup -->
        <test-method signature="elevateLogoTest()[pri:2, instance:com.elevate.qa.testCases.LoginPageTest@20d28811]" started-at="2020-08-17T10:25:52 IST" name="elevateLogoTest" finished-at="2020-08-17T10:25:52 IST" duration-ms="81" status="PASS">
          <reporter-output>
          </reporter-output>
        </test-method> <!-- elevateLogoTest -->
        <test-method is-config="true" signature="tearDown()[pri:0, instance:com.elevate.qa.testCases.LoginPageTest@20d28811]" started-at="2020-08-17T10:25:52 IST" name="tearDown" finished-at="2020-08-17T10:25:52 IST" duration-ms="654" status="PASS">
          <reporter-output>
          </reporter-output>
        </test-method> <!-- tearDown -->
        <test-method is-config="true" signature="setup()[pri:0, instance:com.elevate.qa.testCases.LoginPageTest@20d28811]" started-at="2020-08-17T10:25:52 IST" name="setup" finished-at="2020-08-17T10:26:02 IST" duration-ms="9531" status="PASS">
          <reporter-output>
          </reporter-output>
        </test-method> <!-- setup -->
        <test-method signature="adminLoginTest()[pri:3, instance:com.elevate.qa.testCases.LoginPageTest@20d28811]" started-at="2020-08-17T10:26:02 IST" name="adminLoginTest" finished-at="2020-08-17T10:26:10 IST" duration-ms="7784" status="PASS">
          <reporter-output>
          </reporter-output>
        </test-method> <!-- adminLoginTest -->
        <test-method is-config="true" signature="tearDown()[pri:0, instance:com.elevate.qa.testCases.LoginPageTest@20d28811]" started-at="2020-08-17T10:26:10 IST" name="tearDown" finished-at="2020-08-17T10:26:10 IST" duration-ms="640" status="PASS">
          <reporter-output>
          </reporter-output>
        </test-method> <!-- tearDown -->
      </class> <!-- com.elevate.qa.testCases.LoginPageTest -->
    </test> <!-- Default test -->
  </suite> <!-- Default suite -->
</testng-results>
