<?xml version="1.0" encoding="UTF-8"?>
<testng-results ignored="3" total="4" passed="1" failed="0" skipped="0">
  <reporter-output>
  </reporter-output>
  <suite started-at="2020-08-23T22:58:11 IST" name="Default suite" finished-at="2020-08-23T22:58:41 IST" duration-ms="30424">
    <groups>
    </groups>
    <test started-at="2020-08-23T22:58:11 IST" name="Default test" finished-at="2020-08-23T22:58:41 IST" duration-ms="30424">
      <class name="com.elevate.qa.testCases.ProgramsPageTest">
        <test-method is-config="true" signature="setup()[pri:0, instance:com.elevate.qa.testCases.ProgramsPageTest@363ee3a2]" started-at="2020-08-23T22:58:11 IST" name="setup" finished-at="2020-08-23T22:58:28 IST" duration-ms="17341" status="PASS">
          <reporter-output>
          </reporter-output>
        </test-method> <!-- setup -->
        <test-method signature="enterProgramListToExcel()[pri:4, instance:com.elevate.qa.testCases.ProgramsPageTest@363ee3a2]" started-at="2020-08-23T22:58:28 IST" name="enterProgramListToExcel" finished-at="2020-08-23T22:58:41 IST" duration-ms="12415" status="PASS">
          <reporter-output>
          </reporter-output>
        </test-method> <!-- enterProgramListToExcel -->
        <test-method is-config="true" signature="tearDown()[pri:0, instance:com.elevate.qa.testCases.ProgramsPageTest@363ee3a2]" started-at="2020-08-23T22:58:41 IST" name="tearDown" finished-at="2020-08-23T22:58:41 IST" duration-ms="631" status="PASS">
          <reporter-output>
          </reporter-output>
        </test-method> <!-- tearDown -->
      </class> <!-- com.elevate.qa.testCases.ProgramsPageTest -->
    </test> <!-- Default test -->
  </suite> <!-- Default suite -->
</testng-results>
