<?xml version="1.0" encoding="UTF-8"?>
<!-- Generated by org.testng.reporters.JUnitXMLReporter -->
<testsuite ignored="0" hostname="DESKTOP-3M04LF7" failures="2" tests="11" name="Elevate K-12 Test Cases" time="476.602" errors="0" timestamp="2020-08-23T18:55:14 IST">
  <testcase classname="com.elevate.qa.testCases.LoginPageTest" name="loginPageTitleTest" time="0.011"/>
  <testcase classname="com.elevate.qa.testCases.LoginPageTest" name="elevateLogoTest" time="0.078"/>
  <testcase classname="com.elevate.qa.testCases.LoginPageTest" name="adminLoginTest" time="12.42"/>
  <testcase classname="com.elevate.qa.testCases.LMSDashboardTest" name="verifyLMSDashboardTitleTest" time="3.612"/>
  <testcase classname="com.elevate.qa.testCases.LMSDashboardTest" name="verifyHomeClickTest" time="5.907">
    <failure type="java.lang.AssertionError" message="expected [Daily Sessions] but found [DailySessions]">
      <![CDATA[java.lang.AssertionError: expected [Daily Sessions] but found [DailySessions]
at com.elevate.qa.testCases.LMSDashboardTest.verifyHomeClickTest(LMSDashboardTest.java:44)
at java.base/java.util.ArrayList.forEach(ArrayList.java:1510)
... Removed 33 stack frames]]>
    </failure>
  </testcase> <!-- verifyHomeClickTest -->
  <testcase classname="com.elevate.qa.testCases.LMSDashboardTest" name="verifyGenesisClickTest" time="40.435"/>
  <testcase classname="com.elevate.qa.testCases.LMSDashboardTest" name="verifyTechCheckUtilityClickTest" time="105.788">
    <failure type="java.lang.AssertionError" message="Tech Check Click Failed expected [FalconWeb] but found []">
      <![CDATA[java.lang.AssertionError: Tech Check Click Failed expected [FalconWeb] but found []
at com.elevate.qa.testCases.LMSDashboardTest.verifyTechCheckUtilityClickTest(LMSDashboardTest.java:59)
at java.base/java.util.ArrayList.forEach(ArrayList.java:1510)
... Removed 32 stack frames]]>
    </failure>
  </testcase> <!-- verifyTechCheckUtilityClickTest -->
  <testcase classname="com.elevate.qa.testCases.LMSDashboardTest" name="verifyProgramClickTest" time="24.606"/>
  <testcase classname="com.elevate.qa.testCases.ProgramsPageTest" name="verifyProgramPageTitleTest" time="24.845"/>
  <testcase classname="com.elevate.qa.testCases.ProgramsPageTest" name="verifyProgramPageLabelTest" time="21.967"/>
  <testcase classname="com.elevate.qa.testCases.ProgramsPageTest" name="verifyProgramsList" time="28.697"/>
</testsuite> <!-- Elevate K-12 Test Cases -->
